[    0.000000] Linux version 4.15.0-76-generic (buildd@lcy01-amd64-029) (gcc vesion 7.4.0 (Ubuntu 7.4.0-1ubuntu1~18.04.1)) #86-Ubuntu SMP Fri Jan 17 17:24:28 UTC 2020 (Ubuntu 4.15.0-76.86-generic 4.15.18)
[    0.000000] Command line: BOO_IMAGE=/boot/vmliuz-4.1.0-76-generic root=UUID=21bd922a-7e24-4b08-8dcb-6e30aec99093 ro console=tty1 console=ttyS0
[    0.000000] KERNEL supported cpus:
[    0.000000]   Intel GenuineIntel
[    0.000000]   AMD AuthenticAMD
[    0.000000]   Centaur CentaurHauls
[    0.000000] x86/fpu: Supporing XSAVE fatue 0001: 'x87 loating point registers'
[    0.000000] x86/fpu: Supporting XSAVE feature 0x002: 'SEegisrs
[   .00000x8/fpu: pporting XSAE feur 0x004 'X restrs'    .0000] x6/pu: xstate_offset[2]:  5, xstate_sizes[2]:  256
[    0.000000] x86/fpu: Enabled xstate features 0x7, context size is 832 bytes, using 'standard' format.
[    0.000000] e820: BIOS-provided physical RAM map:
[    0.000000] BIOS-e820: [mem 0x0000000000000000-0x000000000009fbff] usable
[    0.000000] BIOS-e820: [mem 0x000000000009fc00-0x000000000009ffff] reserved
[    0.000000] BIOS-e820: [mem 0x00000000000f0000-0x00000000000fffff] reserved
[    0.000000] BIOS-e820: [mem 0x0000000000100000-0x000000003ffeffff] usable
[    0.000000] BIOS-e820: [mem 0x000000003fff0000-0x000000003fffffff] ACPI data
[    0.000000] BIOS-e820: [mem 0x00000000fec00000-0x00000000fec00fff] reserved
[    0.000000] BIOS-e820: [mem 0x00000000fee00000-0x00000000fee00fff] reserved
[    0.000000] BIOS-e820: [mem 0x00000000fffc00-0x00000ffffff] reserved
[  0000000 N (ExecutDisable)rotection: active
[    0.0000] SMBIOS 2.5 prese.
[    0.000000] MIinnoekmbH VirtualBoxirualBox, BIO VirtulBx 12/01/00
[   000000] ypervisor detected: KVM
[    0.000000] e820: last_pfn = 03fff0 max_arch_pfn = 0x4000000
[    00000] RR Disabd
[    0.000000] x/PT: MRRdisabled sipping PT nitialzaion to.
[  0.000]CPU RR all ban - vtulized sysm.
[   000000] x86/PAT: Configuration [0-]: W  WT  UC- UC  WB  WT  UC- UC  

[    0.000000] found SMP MP-table at [mem 0x0009fff0-0x0009ffff]
[    0.000000] Scanning 1 areas for low memory corruption
[    0.000000] RAMDISK: [mem 0x35967000-0x36caafff]
[    0.00000] ACPI: Early table checksum verification disabled
[    0.000000] ACPI: RSDP 0x00000000000E0000 000024 (v2 VBOX  )
[    0.000] ACPI: XST 0x00003FF0030 003Cv0 VBO  BOXXDT00001 SL  00061)
  0.000000] ACPI: FACP 0x0000000FF0F0 0000F4 (04 VX  VBOXFCP000000ASL  00061)
[  0.000000] ACPI: DSDT 0x000000003FFF0470 0021FF (v02 VBOX   VBOXBIOS 00000002 INTL 20100528)
[    0.000000] ACPI: FACS 0x000000003FFF0200 000040
[    0.000000] ACPI: FACS 0x000000003FFF0200 000040
[    0.000000] ACPI: APIC 0x000000003FFF0240 00005C (v02 VOX   VBOXAPIC 00001 AS  000061
[   0.0000ACI: SSDT 0x00000003F0A0 01C (v0VBX   VBCPUT000002 IL 20058)
[   .0000]No NU cnfigraon fnd
[    0.000000 Faking a node at [mem 0x0000000000000000-0x000000003ffeffff]
[    0.000000] NODE_DATA(0) allocated [mem 0x3ffc5000-0x3ffeffff]
[    0.000000] kvm-clock: cpu 0, msr 0:3ff44001, primary cpu clock
[    0.000000] kvm-clock: Using msrs 4b564d01 and 4b564d00
[    0.000000] kvm-clock: using sched offset of 3694368082 cycles
[    0.000000] clocksource: kvm-clock: mask: 0xffffffffffffffff max_cyces: 0x1cd42e4dffb, max_idle_ns: 881590591483 ns
[    0.000000] Zone ranges:
[    0.000000]   DMA      [mem 0x0000000000001000-00000000000ffffff]
  0.0000   DMA    [m 00000000001000000-0x000000003fefff]
   0.0000]  rml   empt
    0.0000]   Deve  empty
[    0.000000] Movabe zo sart for each node
[    000000] Earlymemory node ranges
[    0.000000]   node   0: [mem 0x0000000000001000-0x000000000009eff]
[    0.000000]   node   0: [mem 0x0000000000100000-0x000000003ffeffff]
[    0.000000] Reserved but unavailable: 98 page
[   .000000] Initmem setup noe [mem 0x0000000000000-0x000003ffeffff]
[    0.00000] ACPI: PMTier IO or: 0x40
[    000000] IOAPIC[0]: apic_d 2,veion 32adress 0ec00000,SI 03
[  0.0000 ACPI: INT_SRC_OVR (bus 0 bus_irq0 global_irq 2 dfl dfl)
[    0.00000] ACPI: INT_SRC_OVR (bus 0 bus_irq 9 global_irq 9 low level)
[    0.000000] Using ACPI (MADT) for SMP configuration information
[    0.000000] smpboot: Allowing 2 CPUs, 0 hotplug CPUs
[    0.000000] PM: Registered nosave memory: [mem 0x00000000-0x00000fff]
[    0.000000] PM: Registered nosave memory: [mem 0x0009f000-0x0009ffff]
[    0.000000] PM: Registered nosave memory: [mem 0x000a0000-0x000effff]
[    0.000000] PM: Registered nosave memory: [mem 0x000f0000-0x000fffff]
[    0.000000] e820: [mem 0x40000000-0xfebfffff] available for PCI devices
[    0.000000] Booting paravirtualized kernel on KVM
[    0.000000] clocksource: refined-jiffies: mask: 0xffffffff max_cycles: 0xffffffff, max_idle_ns: 7645519600211568 ns
[    0.000000] random: get_random_bytes called from start_kernel+0x99/0x4fd wih rng_it0
[  00000] etuperpu: _CUS:82 r_cpas_bit2 r_cpid:2 nr_node_ids:1
[    000000]pepu: mbedded 45 pescpu s14745 r192 d267 u1057
[   .00000] PV qspilock hash table entries: 256 (ordr: 0, 4096 bytes)
[    0.000000] Built 1 zonelists, mobility grouping on.  Total pages: 257913
[    0.000000] Policy zone: DMA32
[    0.000000] Kernel command line: BOOT_IMAGE=/boot/vmlinuz-4.15.0-76-generic root=UUID=1b922a-7e24-4b08-8dcb-6e30aec99093 ro console=tty1 console=ttyS0
[    0.000000] Memory: 982552K/1048120K available (12300K kernel code, 2481K rwdata, 4260K rodata, 2428K init, 2704K bss, 65568K reserved, 0K cma-reserved)
[    0.000000] SLUB: HWalign=64, Order=0-3, MinObjects=0, CPUs=2, Nodes=1
[    0.000000] Kernel/User page tables isolation: enabled
[  0000000] ftrace: aloting932 entries in 154 pags
[   0004000] Hierarchical RCU ileentaion.
[    0.004000] 	RCU restriting CUsrom NR_CPUS=8192 to nr_cpid=2.    0.4000] 	Tasks RCU enabled.
[    0.004000] RCU:Adjusting geometry for rcu_fanout_leaf=16, nr_cpu_ids=2
[    0.004000] NR_IRQ: 24544, nr_irqs: 440, preallocated irqs: 16

[    0.004000] Console: colour VGA+ 80x25
[    0.004000] console [tty1] enabled
[    0.004000] console [ttyS0] enabled
[    0.004000] ACPI: re revision 20170831
[    0.004000] ACPI: 2 ACPI AML tables successfully acquired and loaded
[    0.004000] APIC: Switch to symmetric I/O mode setup
[    0.004000] x2apic enabled
[    0.004000] Switched APIC routing to physical x2apic.
[    0.004000] ..TIMER: vector=0x30 apic1=0 pin1=2 apic2=-1 pin2=-1
[    0.004006] tsc: Detected 2399.998 MHz processor
[    0.008012] Calibrating delay loop (skipped) preset value.. 4799.99 BogoMIPS (lpj=9599992)
[    0.012008] pid_max: default: 32768 minimum: 301
[    0.016039] Security Framework initialized
[    0.020007] Yama: becoming mindful.
[    0.024033] AppArmor: AppArmor initialized
[    0.032051] Dentry cache hash table entries: 131072 (order: 8, 1048576 bytes)
[    0.036082] Inode-cache hash table entries: 65536 (order: 7, 524288 bytes)
[    0.040033] Mount-cache hash table entries: 2048 (order: 2, 16384 bytes)
[    0.044018] Mountpoint-cache hash table entries: 2048 (order: 2, 16384 bytes)
[    0.048233] Last level iTLB entries: 4KB 64, 2MB 8, 4MB 8
[    0.052007] Last level dTLB entries: 4KB 64, 2MB 0, 4MB 0, 1GB 4
[    0.056004] Spectre V1 : Mitigation: usercopy/swapgs barriers and __user pointer sanitization
[    0.058269] Spectre V2 : Mitigation: Full generic retpoline
[    0.060004] Spectre V2 : Spectre v2 / SpectreRSB mitigation: Filling RSB on context switch
[    0.064005] Speculative Store Bypass: Vulnerable
[    0.065270] MDS: Vulnerable: Clear CPU buffers attempted, no microcode
[    0.068163] Freeing SMP alternatives memory: 36K
[    0.182171] smpboot: CPU0: Intel(R) Core(TM) i5-8279U CPU @ 2.40GHz (family: 0x6, model: 0x8e, stepping: 0xa)
[    0.184088] Performance Events: unsupported p6 CPU model 142 no PMU driver, software events only.
[    0.188046] Hierarchical SRCU implementation.
[    0.192600] NMI watchdog: Perf event create on CPU 0 failed with -2
[    0.196007] NMI watchdog: Perf NMI watchdog permanently disabled
[    0.200071] smp: Bringing up secondary CPUs ...
[    0.204108] x86: Booting SMP configuration:
[    0.208008] .... node  #0, CPUs:      #1
[    0.004000] kvm-clock: cpu 1, msr 0:3ff44041, secondary cpu clock
[    0.232028] smp: Brought up 1 node, 2 CPUs
[    0.236027] smpboot: Max logical packages: 1
[    0.240005] smpboot: Total of 2 processors activated (9599.99 BogoMIPS)
[    0.244184] devtmpfs: initialized
[    0.244941] x86/mm: Memory block size: 128MB
[    0.248051] evm: security.selinux
[    0.248797] evm: security.SMACK64
[    0.249611] evm: security.SMACK64EXEC
[    0.250427] evm: security.SMACK64TRANSMUTE
[    0.251282] evm: security.SMACK64MMAP
[    0.252006] evm: security.apparmor
[    0.252853] evm: security.ima
[    0.253684] evm: security.capability
[    0.256055] clocksource: jiffies: mask: 0xffffffff max_cycles: 0xffffffff, max_idle_ns: 7645041785100000 ns
[    0.258178] futex hash table entries: 512 (order: 3, 32768 bytes)
[    0.260000] pinctrl core: initialized pinctrl subsystem
[    0.260124] RTC time:  4:22:38, date: 02/09/20
[    0.261350] NET: Registered protocol family 16
[    0.264076] audit: initializing netlink subsys (disabled)
[    0.265350] audit: type=2000 audit(1581222152.624:1): state=initialized audit_enabled=0 res=1
[    0.268034] cpuidle: using governor ladder
[    0.268970] cpuidle: using governor menu
[    0.269934] ACPI: bus type PCI registered
[    0.272005] acpiphp: ACPI Hot Plug PCI Controller Driver version: 0.5
[    0.273542] PCI: Using configuration type 1 for base access
[    0.276796] HugeTLB registered 2.00 MiB page size, pre-allocated 0 pages
[    0.277166] ACPI: Added _OSI(Module Device)
[    0.280007] ACPI: Added _OSI(Processor Device)
[    0.280765] ACPI: Added _OSI(3.0 _SCP Extensions)
[    0.281633] ACPI: Added _OSI(Processor Aggregator Device)
[    0.282532] ACPI: Added _OSI(Linux-Dell-Video)
[    0.283315] ACPI: Added _OSI(Linux-Lenovo-NV-HDMI-Audio)
[    0.284004] ACPI: Added _OSI(Linux-HPI-Hybrid-Graphics)
[    0.285222] ACPI: Executed 1 blocks of module-level executable AML code
[    0.289304] ACPI: Interpreter enabled
[    0.290029] ACPI: (supports S0 S5)
[    0.290647] ACPI: Using IOAPIC for interrupt routing
[    0.291656] PCI: Using host bridge windows from ACPI; if necessary, use "pci=nocrs" and report a bug
[    0.292166] ACPI: Enabled 2 GPEs in block 00 to 07
[    0.299322] ACPI: PCI Root Bridge [PCI0] (domain 0000 [bus 00-ff])
[    0.300022] acpi PNP0A03:00: _OSC: OS supports [ASPM ClockPM Segments MSI]
[    0.304065] acpi PNP0A03:00: _OSC: not requesting OS control; OS requires [ExtendedConfig ASPM ClockPM MSI]
[    0.308023] acpi PNP0A03:00: fail to add MMCONFIG information, can't access extended PCI configuration space under this bridge.
[    0.312447] PCI host bridge to bus 0000:00
[    0.316008] pci_bus 0000:00: root bus resource [io  0x0000-0x0cf7 window]
[    0.318676] pci_bus 0000:00: root bus resource [io  0x0d00-0xffff window]
[    0.320006] pci_bus 0000:00: root bus resource [mem 0x000a0000-0x000bffff window]
[    0.324006] pci_bus 0000:00: root bus resource [mem 0x40000000-0xfdffffff window]
[    0.328010] pci_bus 0000:00: root bus resource [bus 00-ff]
[    0.332577] pci 0000:00:01.1: legacy IDE quirk: reg 0x10: [io  0x01f0-0x01f7]
[    0.335224] pci 0000:00:01.1: legacy IDE quirk: reg 0x14: [io  0x03f6]
[    0.336007] pci 0000:00:01.1: legacy IDE quirk: reg 0x18: [io  0x0170-0x0177]
[    0.337662] pci 0000:00:01.1: legacy IDE quirk: reg 0x1c: [io  0x0376]
[    0.353769] pci 0000:00:07.0: quirk: [io  0x4000-0x403f] claimed by PIIX4 ACPI
[    0.356031] pci 0000:00:07.0: quirk: [io  0x4100-0x410f] claimed by PIIX4 SMB
[    0.370545] ACPI: PCI Interrupt Link [LNKA] (IRQs 5 9 10 *11)
[    0.372346] ACPI: PCI Interrupt Link [LNKB] (IRQs 5 9 *10 11)
[    0.376147] ACPI: PCI Interrupt Link [LNKC] (IRQs 5 *9 10 11)
[    0.380136] ACPI: PCI Interrupt Link [LNKD] (IRQs 5 9 10 *11)
[    0.381984] SCSI subsystem initialized
[    0.384069] pci 0000:00:02.0: vgaarb: setting as boot VGA device
[    0.387577] pci 0000:00:02.0: vgaarb: VGA device added: decodes=io+mem,owns=io+mem,locks=none
[    0.388022] pci 0000:00:02.0: vgaarb: bridge control possible
[    0.389065] vgaarb: loaded
[    0.389626] ACPI: bus type USB registered
[    0.390343] usbcore: registered new interface driver usbfs
[    0.392013] usbcore: registered new interface driver hub
[    0.392960] usbcore: registered new device driver usb
[    0.393886] EDAC MC: Ver: 3.0.0
[    0.396007] PCI: Using ACPI for IRQ routing
[    0.397027] NetLabel: Initializing
[    0.400007] NetLabel:  domain hash size = 128
[    0.404002] NetLabel:  protocols = UNLABELED CIPSOv4 CALIPSO
[    0.408029] NetLabel:  unlabeled traffic allowed by default
[    0.416126] clocksource: Switched to clocksource kvm-clock
[   0.53] S:isquotadquot_6.0    0.866339] VFS: Dquot-cache hash table entries: 512 (order 0, 4096 bytes)
[    0.914045] AppArmor: AppArmor Filesystem Enabled
[    0.915191] pnp: PnP ACPI init
[    0.917240] pnp: PnP ACPI: found 3 devices

[    0.929454] clocksource: acpi_pm: mask: 0xffffff max_cycles: 0xffffff, max_idle_ns: 2085701024 ns
[    0.931217] NET: Registered protocol family 2
[    0.932293] TCP established hash table entries: 8192 (order: 4, 65536 bytes)
[    0.933505] TCP bind hash table entries: 8192 (order: 5, 131072 bytes)
[    0.937528] TCP: Hash tables configured (established 8192 bind 8192)
[    0.941514] UDP hash table entries: 512 (order: 2, 16384 bytes)
[    0.942477] UDP-Lite hash table entries: 512 (order: 2, 16384 bytes)
[    0.943757] NET: Registered protocol family 1
[    0.944542] pci 0000:00:00.0: Limiting direct PCI/PCI transfers
[    0.945551] pci 0000:00:01.0: Activating ISA DMA hang workarounds
[    0.946614] pci 0000:00:02.0: Video device with shadowed ROM at [mem 0x000c0000-0x000dffff]
[    0.948117] Unpacking initramfs...
[    1.202769] Freeing initrd memory: 19728K
[    1.328648] clocksource: tsc: mask: 0xffffffffffffffff max_cycles: 0x229835b7123, max_idle_ns: 440795242976 ns
[    1.573897] platform rtc_cmos: registered platform RTC device (no PNP device found)
[    1.700577] Scanning for low memory corruption every 60 seconds
[    1.702438] Initialise system trusted keyrings
[    1.703211] Key type blacklist registered
[    1.704059] workingset: timestamp_bits=36 max_order=18 bucket_order=0
[    1.822679] zbud: loaded
[    1.864831] squashfs: version 4.0 (2009/01/31) Phillip Lougher
[    1.960670] fuse init (API version 7.26)
[    1.979016] Key type asymmetric registered
[    1.980158] Asymmetric key parser 'x509' registered
[    1.985651] Block layer SCSI generic (bsg) driver version 0.4 loaded (major 246)
[    1.997436] io scheduler noop registered
[    2.001586] io scheduler deadline registered
[    2.002937] io scheduler cfq registered (default)
[    2.004870] ACPI: AC Adapter [AC] (on-line)
[    2.006173] input: Power Button as /devices/LNXSYSTM:00/LNXPWRBN:00/input/input0
[    2.008400] ACPI: Power Button [PWRF]
[    2.009564] input: Sleep Button as /devices/LNXSYSTM:00/LNXSLPBN:00/input/input1
[    2.011753] ACPI: Sleep Button [SLPF]
[    2.014361] ACPI: Battery Slot [BAT0] (battery present)
[    2.015862] Serial: 8250/16550 driver, 32 ports, IRQ sharing enabled
[    2.040809] 00:02: ttyS0 at I/O 0x3f8 (irq = 4, base_baud = 115200) is a 16550A
[    2.196847] Linux agpgart interface v0.103
[    2.200166] loop: module loaded
[    2.201219] scsi host0: ata_piix
[    2.201985] scsi host1: ata_piix
[    2.202596] ata1: PATA max UDMA/33 cmd 0x1f0 ctl 0x3f6 bmdma 0xd000 irq 14
[    2.203685] ata2: PATA max UDMA/33 cmd 0x170 ctl 0x376 bmdma 0xd008 irq 15
[    2.204969] libphy: Fixed MDIO Bus: probed
[    2.205693] tun: Universal TUN/TAP device driver, 1.6
[    2.206690] PPP generic driver version 2.4.2
[    2.207800] ehci_hcd: USB 2.0 'Enhanced' Host Controller (EHCI) Driver
[    2.208915] ehci-pci: EHCI PCI platform driver
[    2.209682] ehci-platform: EHCI generic platform driver
[    2.210553] ohci_hcd: USB 1.1 'Open' Host Controller (OHCI) Driver
[    2.211560] ohci-pci: OHCI PCI platform driver
[    2.212412] ohci-platform: OHCI generic platform driver
[    2.213312] uhci_hcd: USB Universal Host Controller Interface driver
[    2.300234] i8042: PNP: PS/2 Controller [PNP0303:PS2K,PNP0f03:PS2M] at 0x60,0x64 irq 1,12
[    2.471206] serio: i8042 KBD port at 0x60,0x64 irq 1
[    2.606087] serio: i8042 AUX port at 0x60,0x64 irq 12
[    2.704950] mousedev: PS/2 mouse device common for all mice
[    2.792957] rtc_cmos rtc_cmos: rtc core: registered rtc_cmos as rtc0
[    2.948927] rtc_cmos rtc_cmos: alarms up to one day, 114 bytes nvram
[    3.056169] i2c /dev entries driver
[    3.069067] input: AT Translated Set 2 keyboard as /devices/platform/i8042/serio0/input/input2
[    3.072680] device-mapper: uevent: version 1.0.3
[    3.090009] device-mapper: ioctl: 4.37.0-ioctl (2017-09-20) initialised: dm-devel@redhat.com
[    3.094425] ledtrig-cpu: registered to indicate activity on CPUs
[    3.096463] NET: Registered protocol family 10
[    3.101460] Segment Routing with IPv6
[    3.105213] NET: Registered protocol family 17
[    3.106456] Key type dns_resolver registered
[    3.107789] mce: Using 0 MCE banks
[    3.108681] RAS: Correctable Errors collector initialized.
[    3.112078] sched_clock: Marking stable (3108655970, 0)->(15196095722, -12087439752)
[    3.115822] registered taskstats version 1
[    3.121933] Loading compiled-in X.509 certificates
[    3.124965] Loaded X.509 cert 'Build time autogenerated kernel key: 665cd2b89e03521f57c41865f552ebce30a0c7fb'
[    3.126679] zswap: loaded using pool lzo/zbud
[    3.130842] Key type big_key registered
[    3.131569] Key type trusted registered
[    3.133583] Key type encrypted registered
[    3.134280] AppArmor: AppArmor sha1 policy hashing enabled
[    3.135189] ima: No TPM chip found, activating TPM-bypass! (rc=-19)
[    3.136241] ima: Allocated hash algorithm: sha1
[    3.137020] evm: HMAC attrs: 0x1
[    3.137853]   Magic number: 8:893:362
[    3.138565] rtc_cmos rtc_cmos: setting system clock to 2020-02-09 04:22:41 UTC (1581222161)
[    3.140074] BIOS EDD facility v0.16 2004-Jun-25, 0 devices found
[    3.141035] EDD information not available.
[    3.144364] Freeing unused kernel image memory: 2428K
[    3.360945] Write protecting the kernel read-only data: 20480k
[    3.601255] Freeing unused kernel image memory: 2008K
[    3.792585] Freeing unused kernel image memory: 1884K
[    4.007820] x86/mm: Checked W+X mappings: passed, no W+X pages found.
[    4.164149] x86/mm: Checking user space page tables
[    4.173976] x86/mm: Checked W+X mappings: passed, no W+X pages found.
Loading, please wait...
starting version 237
[    4.241551] Fusion MPT base driver 3.04.20
[    4.252111] e1000: Intel(R) PRO/1000 Network Driver - version 7.3.21-k8-NAPI
[    4.286210] Copyright (c) 1999-2008 LSI Corporation
[    4.287297] e1000: Copyright (c) 1999-2006 Intel Corporation.
[    4.478000] Fusion MPT SPI Host driver 3.04.20
[    4.666962] AVX2 version of gcm_enc/dec engaged.
[    4.772850] AES CTR mode by8 optimization enabled
[    4.954499] input: ImExPS/2 Generic Explorer Mouse as /devices/platform/i8042/serio1/input/input4
[    5.130569] e1000 0000:00:03.0 eth0: (PCI:33MHz:32-bit) 02:5f:72:41:67:a2
[    6.266072] e1000 0000:00:03.0 eth0: Intel(R) PRO/1000 Network Connection
[    7.504617] mptbase: ioc0: Initiating bringup
[    8.115003] ioc0: LSI53C1030 A0: Capabilities={Initiator}
[   10.213869] scsi host2: ioc0: LSI53C1030 A0, FwRev=00000000h, Ports=1, MaxQ=256, IRQ=20
[   12.305475] scsi 2:0:0:0: Direct-Access     VBOX     HARDDISK         1.0  PQ: 0 ANSI: 5
[   12.659180] scsi target2:0:0: Beginning Domain Validation
[   12.684106] e1000 0000:00:08.0 eth1: (PCI:33MHz:32-bit) 08:00:27:ba:16:de
[   12.885097] scsi target2:0:0: Domain Validation skipping write tests
[   12.888562] e1000 0000:00:08.0 eth1: Intel(R) PRO/1000 Network Connection
[   12.891176] scsi target2:0:0: Ending Domain Validation
[   12.902758] scsi target2:0:0: asynchronous
[   12.903589] e1000 0000:00:08.0 enp0s8: renamed from eth1
[   12.911080] scsi 2:0:1:0: Direct-Access     VBOX     HARDDISK         1.0  PQ: 0 ANSI: 5
[   12.945824] e1000 0000:00:03.0 enp0s3: renamed from eth0
[   13.048055] scsi target2:0:1: Beginning Domain Validation
[   13.156404] random: fast init done
[   13.164366] random: systemd-udevd: uninitialized urandom read (16 bytes read)
[   13.295880] random: systemd-udevd: uninitialized urandom read (16 bytes read)
[   13.486754] random: systemd-udevd: uninitialized urandom read (16 bytes read)
[   13.566356] scsi target2:0:1: Domain Validation skipping write tests
[   13.775574] scsi target2:0:1: Ending Domain Validation
[   13.959879] scsi target2:0:1: asynchronous
[   13.992715] sd 2:0:0:0: Attached scsi generic sg0 type 0
[   13.994411] sd 2:0:0:0: [sda] 20971520 512-byte logical blocks: (10.7 GB/10.0 GiB)
[   13.996585] sd 2:0:1:0: Attached scsi generic sg1 type 0
[   13.998068] sd 2:0:0:0: [sda] Write Protect is off
[   13.998351] sd 2:0:1:0: [sdb] 20480 512-byte logical blocks: (10.5 MB/10.0 MiB)
[   14.006626] sd 2:0:1:0: [sdb] Write Protect is off
[   14.008046] sd 2:0:0:0: [sda] Incomplete mode parameter data
[   14.008140] sd 2:0:1:0: [sdb] Incomplete mode parameter data
[   14.011107] sd 2:0:0:0: [sda] Assuming drive cache: write through
[   14.014063] sd 2:0:1:0: [sdb] Assuming drive cache: write through
[   14.022108]  sda: sda1
[   14.023789] sd 2:0:0:0: [sda] Attached SCSI disk
[   14.029333] sd 2:0:1:0: [sdb] Attached SCSI disk
Begin: Loading essential drivers ... [   15.436246] raid6: sse2x1   gen() 14010 MB/s
[   15.572263] raid6: sse2x1   xor() 10257 MB/s
[   15.708200] raid6: sse2x2   gen() 17251 MB/s
[   15.800540] raid6: sse2x2   xor() 11660 MB/s
[   15.916198] raid6: sse2x4   gen() 19702 MB/s
[   16.036218] raid6: sse2x4   xor() 12124 MB/s
[   16.188358] raid6: avx2x1   gen() 25403 MB/s
[   16.240304] raid6: avx2x1   xor() 17233 MB/s
[   16.380190] raid6: avx2x2   gen() 32647 MB/s
[   16.520226] raid6: avx2x2   xor() 21701 MB/s
[   16.696547] raid6: avx2x4   gen() 39852 MB/s
[   16.828204] raid6: avx2x4   xor() 22578 MB/s
[   16.916720] raid6: using algorithm avx2x4 gen() 39852 MB/s
[   17.021287] raid6: .... xor() 22578 MB/s, rmw enabled
[   17.140370] raid6: using avx2x2 recovery algorithm
[   17.241397] xor: automatically using best checksumming function   avx       
[   17.289616] async_tx: api initialized (async)
done.
Begin: Running /scripts/init-premount ... done.
Begin: Mounting root file system ... Begin: Running /scripts/local-top ... done.
Begin: Running /scripts/local-premount ... [   17.337869] Btrfs loaded, crc32c=crc32c-intel
Scanning for Btrfs filesystems
done.
Warning: fsck not present, so skipping root file system
[   17.532552] EXT4-fs (sda1): INFO: recovery required on readonly filesystem
[   17.533794] EXT4-fs (sda1): write access will be enabled during recovery
[   17.644878] EXT4-fs (sda1): orphan cleanup on readonly fs
[   17.651180] EXT4-fs (sda1): 3 orphan inodes deleted
[   17.652030] EXT4-fs (sda1): recovery complete
[   17.661091] EXT4-fs (sda1): mounted filesystem with ordered data mode. Opts: (null)
done.
Begin: Running /scripts/local-bottom ... done.
Begin: Running /scripts/init-bottom ... done.
[   18.077591] ip_tables: (C) 2000-2006 Netfilter Core Team
[   18.085189] systemd[1]: systemd 237 running in system mode. (+PAM +AUDIT +SELINUX +IMA +APPARMOR +SMACK +SYSVINIT +UTMP +LIBCRYPTSETUP +GCRYPT +GNUTLS +ACL +XZ +LZ4 +SECCOMP +BLKID +ELFUTILS +KMOD -IDN2 +IDN -PCRE2 default-hierarchy=hybrid)
[   18.088703] systemd[1]: Detected virtualization oracle.
[   18.089610] systemd[1]: Detected architecture x86-64.

Welcome to [1mUbuntu 18.04.2 LTS[0m!

[   18.110359] systemd[1]: Set hostname to <ubuntu-bionic>.
[   19.233397] systemd[1]: Reached target Swap.
[[0;32m  OK  [0m] Reached target Swap.
[   19.234927] systemd[1]: Started Forward Password Requests to Wall Directory Watch.
[[0;32m  OK  [0m] Started Forward Password Requests to Wall Directory Watch.
[   19.237232] systemd[1]: Reached target User and Group Name Lookups.
[[0;32m  OK  [0m] Reached target User and Group Name Lookups.
[   19.239262] systemd[1]: Set up automount Arbitrary Executable File Formats File System Automount Point.
[[0;32m  OK  [0m] Set up automount Arbitrary Executab…rmats File System Automount Point.
[   19.243861] systemd[1]: Created slice User and Session Slice.
[[0;32m  OK  [0m] Created slice User and Session Slice.
[   19.245823] systemd[1]: Reached target System Time Synchronized.
[[0;32m  OK  [0m] Reached target System Time Synchronized.
[[0;32m  OK  [0m] Created slice System Slice.
[[0;32m  OK  [0m] Listening on Journal Socket (/dev/log).
[[0;32m  OK  [0m] Listening on Network Service Netlink Socket.
[[0;32m  OK  [0m] Created slice system-serial\x2dgetty.slice.
[[0;32m  OK  [0m] Listening on LVM2 poll daemon socket.
[[0;32m  OK  [0m] Reached target Slices.
[[0;32m  OK  [0m] Listening on Journal Audit Socket.
[[0;32m  OK  [0m] Listening on LVM2 metadata daemon socket.
[[0;32m  OK  [0m] Listening on Journal Socket.
         Starting Create list of required st…ce nodes for the current kernel...
         Starting Load Kernel Modules...
         Starting Remount Root and Kernel File Systems...
         Starting Uncomplicated firewall...
         Mounting POSIX Message Queue File System...
         Mounting Huge Pages File System...
[[0;32m  OK  [0m] Listening on /dev/initctl Compatibility Named Pipe.
[   19.280514] Loading iSCSI transport class v2.0-870.
[[0;32m  OK  [0m] Listening on udev Kernel Sock[   19.403570] iscsi: registered transport (tcp)
et.
[[0;32m  OK  [0m] Listening on udev Control Socket.
[   19.475587] EXT4-fs (sda1): re-mounted. Opts: (null)
         Starting udev Coldplug all Devices...
         Starting Set the console keyboard layout...
[[0;32m  OK  [0m] Listening on Device-mapper event daemon FIFOs.
[[0;32m  OK  [0m] Listening on Syslog Socket.
         Starting Journal Service...
         Mounting Kernel Debug File System...
         Starting Monitoring of LVM2 mirrors…ng dmeventd or progress polling...
[[0;32m  OK  [0m] Started Create list of required sta…vice nodes for the current kernel.
[[0;32m  OK  [0m] Started Remount Root and Kernel File Systems.
[[0;32m  OK  [0m] Started Uncomplicated firewall.
[[0;32m  OK  [0m] Mounted POSIX Message Queue File System.
[[0;32m  OK  [0m] Mounted Huge Pages File System.
[[0;32m  OK  [0m] Mounted Kernel Debug File System.
[   19.549628] iscsi: registered transport (iser)
         Starting Load/Save Random Seed...
         Starting Create Static Device Nodes in /dev...
[[0;32m  OK  [0m] Started Journal Service.
[[0;32m  OK  [0m] Started Load Kernel Modules.
[[0;32m  OK  [0m] Started udev Coldplug all Devices.
[[0;32m  OK  [0m] Started LVM2 metadata daemon.
         Mounting FUSE Control File System...
         Mountin[   19.764600] random: crng init done
g Kernel Configu[   19.915506] random: 7 urandom warning(s) missed due to ratelimiting
ration File System...
         Starting Apply Kernel Variables...
         Starting Flush Journal to Persistent Storage...
[[0;32m  OK  [0m] Started Set the console keyboard layout.
[[0;32m  OK  [0m] Started Monitoring of LVM2 mirrors,…sing dmeventd or progress polling.
[[0;32m  OK  [0m] Started Load/Save Random Seed.
[[0;32m  OK  [0m] Started Create Static Device Nodes in /dev.
[[0;32m  OK  [0m] Mounted FUSE Control File System.
[[0;32m  OK  [0m] Mounted Kernel Configuration File System.
[[0;32m  OK  [0m] Started Apply Kernel Variables.
         Starting udev Kernel Device Manager...
[[0;32m  OK  [0m] Reached target Local File Systems (Pre).
[[0;32m  OK  [0m] Reached target Local File Systems.
         Starting Set console font and keymap...
         Starting AppArmor initialization...
         Starting ebtables ruleset management...
         Starting Tell Plymouth To Write Out Runtime Data...
[[0;32m  OK  [0m] Started udev Kernel Device Manager.
[[0;32m  OK  [0m] Started Dispatch Password Requests to Console Directory Watch.
[[0;32m  OK  [0m] Reached target Local Encrypted Volumes.
[[0;32m  OK  [0m] Started Set console font and keymap.
[[0;32m  OK  [0m] Started Tell Plymouth To Write Out Runtime Data.
[[0;32m  OK  [0m] Started ebtables ruleset management.
[[0;32m  OK  [0m] Started Flush Journal to Persistent Storage.
[[0;32m  OK  [0m] Found device /dev/ttyS0.
         Starting Create Volatile Files and Directories...
[[0;32m  OK  [0m] Started Create Volatile Files and Directories.
         Starting Update UTMP about System Boot/Shutdown...
[[0;32m  OK  [0m] Started Update UTMP about System Boot/Shutdown.
[[0;32m  OK  [0m] Listening on Load/Save RF Kill Switch Status /dev/rfkill Watch.
[[0;32m  OK  [0m] Started AppArmor initialization.
         Starting Initial cloud-init job (pre-networking)...
[   22.013273] cloud-init[525]: Cloud-init v. 19.1-1-gbaa47854-0ubuntu1~18.04.1 running 'init-local' at Sun, 09 Feb 2020 04:23:00 +0000. Up 21.82 seconds.
[[0;32m  OK  [0m] Started Initial cloud-init job (pre-networking).
[[0;32m  OK  [0m] Reached target Network (Pre).
         Starting Network Service...
[[0;32m  OK  [0m] Started Network Service.
         Starting Network Name Resolution...
         Starting Wait for Network to be Configured...
[[0;32m  OK  [0m] Started Network Name Resolution.
[[0;32m  OK  [0m] Reached target Network.
[[0;32m  OK  [0m] Reached target Host and Network Name Lookups.
[[0;32m  OK  [0m] Started Wait for Network to be Configured.
         Starting Initial cloud-init job (metadata service crawler)...
[   24.113974] cloud-init[716]: Cloud-init v. 19.1-1-gbaa47854-0ubuntu1~18.04.1 running 'init' at Sun, 09 Feb 2020 04:23:02 +0000. Up 24.00 seconds.
[   24.130838] cloud-init[716]: ci-info: ++++++++++++++++++++++++++++++++++++++Net device info+++++++++++++++++++++++++++++++++++++++
[   24.132852] cloud-init[716]: ci-info: +--------+------+-----------------------------+---------------+--------+-------------------+
[   24.134460] cloud-init[716]: ci-info: | Device |  Up  |           Address           |      Mask     | Scope  |     Hw-Address    |
[   24.136072] cloud-init[716]: ci-info: +--------+------+-----------------------------+---------------+--------+-------------------+
[   24.137702] cloud-init[716]: ci-info: | enp0s3 | True |          10.0.2.15          | 255.255.255.0 | global | 02:5f:72:41:67:a2 |
[   24.139295] cloud-init[716]: ci-info: | enp0s3 | True |  fe80::5f:72ff:fe41:67a2/64 |       .       |  link  | 02:5f:72:41:67:a2 |
[   24.140884] cloud-init[716]: ci-info: | enp0s8 | True |        192.168.33.10        | 255.255.255.0 | global | 08:00:27:ba:16:de |
[   24.142468] cloud-init[716]: ci-info: | enp0s8 | True | fe80::a00:27ff:feba:16de/64 |       .       |  link  | 08:00:27:ba:16:de |
[   24.144170] cloud-init[716]: ci-info: |   lo   | True |          127.0.0.1          |   255.0.0.0   |  host  |         .         |
[   24.145799] cloud-init[716]: ci-info: |   lo   | True |           ::1/128           |       .       |  host  |         .         |
[   24.147386] cloud-init[716]: ci-info: +--------+------+-----------------------------+---------------+--------+-------------------+
[   24.148972] cloud-init[716]: ci-info: +++++++++++++++++++++++++++++Route IPv4 info+++++++++++++++++++++++++++++
[   24.150344] cloud-init[716]: ci-info: +-------+--------------+----------+-----------------+-----------+-------+
[   24.220213] cloud-init[716]: ci-info: | Route | Destination  | Gateway  |     Genmask     | Interface | Flags |
[   24.221733] cloud-init[716]: ci-info: +-------+--------------+----------+-----------------+-----------+-------+
[   24.223174] cloud-init[716]: ci-info: |   0   |   0.0.0.0    | 10.0.2.2 |     0.0.0.0     |   enp0s3  |   UG  |
[   24.240247] cloud-init[716]: ci-info: |   1   |   10.0.2.0   | 0.0.0.0  |  255.255.255.0  |   enp0s3  |   U   |
[[0;32m  OK  [0m] Started Initial cloud-init job (metadata service crawler).
[[0;32m  OK  [0m] Reached target Network is Online.
[   24.346826] cloud-init[716]: ci-info: |   2   |   10.0.2.2   | 0.0.0.0  | 255.255.255.255 |   enp0s3  |   UH  |
[   24.553491] cloud-init[716]: ci-info: |   3   | 192.168.33.0 | 0.0.0.0  |  255.255.255.0  |   enp0s8  |   U   |
[   24.641239] cloud-init[716]: ci-info: +-------+--------------+----------+-----------------+-----------+-------+
[   24.721213] cloud-init[716]: ci-info: +++++++++++++++++++Route IPv6 info+++++++++++++++++++
[   24.789079] cloud-init[716]: ci-info: +-------+-------------+---------+-----------+-------+
[[0;32m  OK  [0m] Reached target Remote File Systems (Pre).
[[0;32m  OK  [0m] Reached target Remote File Systems.
[   24.859512] cloud-init[716]: ci-info: | Route | Destination | Gateway | Interface | Flags |
         Starting Availability of block devices...
[[0;32m  OK  [0m] Reached target Cloud-config availability.
[[0;32m  OK  [0m] Reached target System Initialization.
[[0;32m  OK  [0m] Started Daily Cleanup of Temporary Directories.
[[0;32m  OK  [0m] Started Message of the Day.
[   24.966213] cloud-init[716]: ci-info: +-------+-------------+---------+-----------+-------+
[[0;32m  OK  [0m] Listening on ACPID Listen Socket.
[   24.980445] [[0;32m  OK  [0m] Listening on D-Bus System Message Bus Socket.
[[0;32m  OK  [0m] Started Discard unused blocks once a week.
[[0;32m  OK  [0m] Listening on Open-iSCSI iscsid Socket.
cloud-init[716]: ci-info: |   1   |  fe80::/64  |    ::   |   enp0s8  |   U   |
         Starting LXD - unix socket.
[   25.001799] cloud-init[716]: ci-info: |   2   |  fe80::/64  |    ::   |   enp0s3  |   U   |
[   25.005787] cloud-init[716]: ci-info: |   4   |    local    |    ::   |   enp0s3  |   U   |
[   25.007059] cloud-init[716]: ci-info: |   5   |    local    |    ::   |   enp0s8  |   U   |
[[0;32m  OK  [0m] Listening on UUID daemon activation socket.
[   25.011122] cloud-init[716]: ci-info: |   6   |   ff00::/8  |    ::   |   enp0s8  |   U   |
[   25.024751] cloud-init[716]: ci-info: |   7   |   ff00::/8  |    ::   |   enp0s3  |   U   |
[   25.052280] cloud-init[716]: ci-info: +-------+-------------+---------+-----------+-------+
[[0;32m  OK  [0m] Started ACPI Events Check.
[[0;32m  OK  [0m] Reached target Paths.
[[0;32m  OK  [0m] Started Daily apt download activities.
[[0;32m  OK  [0m] Started Daily apt upgrade and clean activities.
[[0;32m  OK  [0m] Reached target Timers.
         Starting Socket activation for snappy daemon.
[[0;32m  OK  [0m] Started Availability of block devices.
[[0;32m  OK  [0m] Listening on LXD - unix socket.
[[0;32m  OK  [0m] Listening on Socket activation for snappy daemon.
[[0;32m  OK  [0m] Reached target Sockets.
[[0;32m  OK  [0m] Reached target Basic System.
[[0;32m  OK  [0m] Started D-Bus System Message Bus.
[[0;32m  OK  [0m] Started irqbalance daemon.
[[0;32m  OK  [0m] Started Regular background program processing daemon.
         Starting LXD - container startup/shutdown...
         Starting LSB: Record successful boot for GRUB...
         Starting Accounts Service...
         Starting Dispatcher daemon for systemd-networkd...
[[0;32m  OK  [0m] Started Deferred execution scheduler.
         Starting System Logging Service...
         Starting vboxadd.service...
[[0;32m  OK  [0m] Started FUSE filesystem for LXC.
         Starting Login Service...
         Starting Message of the Day...
         Starting LSB: automatic crash report generation...
         Starting OpenBSD Secure Shell server...
         Starting Snappy daemon...
         Starting Permit User Sessions...
[[0;32m  OK  [0m] Started System Logging Service.
[[0;32m  OK  [0m] Started LXD - container startup/shutdown.
[[0;32m  OK  [0m] Started Login Service.
[[0;32m  OK  [0m] Started OpenBSD Secure Shell server.
         Starting Authorization Manager...
[[0;32m  OK  [0m] Started Unattended Upgrades Shutdown.
[[0;32m  OK  [0m] Started Dispatcher daemon for systemd-networkd.
[[0;32m  OK  [0m] Started LSB: automatic crash report generation.
[[0;32m  OK  [0m] Started Permit User Sessions.
[[0;32m  OK  [0m] Started Authorization Manager.
[[0;32m  OK  [0m] Started LSB: Record successful boot for GRUB.
[[0;32m  OK  [0m] Started Accounts Service.
         Starting Hold until boot process finishes up...
         Starting Terminate Plymouth Boot Screen...
[[0;32m  OK  [0m] Started Hold until boot process finishes up.
[[0;32m  OK  [0m] Started Serial Getty on ttyS0.
         Starting Set console scheme...
[[0;32m  OK  [0m] Started Snappy daemon.
[[0;32m  OK  [0m] Started Terminate Plymouth Boot Screen.
[[0;32m  OK  [0m] Started Set console scheme.
[[0;32m  OK  [0m] Created slice system-getty.slice.
[[0;32m  OK  [0m] Started Getty on tty1.
[[0;32m  OK  [0m] Reached target Login Prompts.
         Starting Wait until snapd is fully seeded...
[[0;32m  OK  [0m] Started Wait until snapd is fully seeded.
[[0;32m  OK  [0m] Started vboxadd.service.
         Starting vboxadd-service.service...
         Starting Apply the settings specified in cloud-config...
[[0;32m  OK  [0m] Started vboxadd-service.service.
[[0;32m  OK  [0m] Reached target Multi-User System.
[[0;32m  OK  [0m] Reached target Graphical Interface.
         Starting Update UTMP about System Runlevel Changes...
[[0;32m  OK  [0m] Started Update UTMP about System Runlevel Changes.
[   26.753796] cloud-init[1234]: Cloud-init v. 19.1-1-gbaa47854-0ubuntu1~18.04.1 running 'modules:config' at Sun, 09 Feb 2020 04:23:05 +0000. Up 26.66 seconds.
[[0;32m  OK  [0m] Started Apply the settings specified in cloud-config.
         Starting Execute cloud user/final scripts...
[   27.167491] cloud-init[1309]: Cloud-init v. 19.1-1-gbaa47854-0ubuntu1~18.04.1 running 'modules:final' at Sun, 09 Feb 2020 04:23:05 +0000. Up 27.08 seconds.
[[   27.200447] cloud-init[1309]: Cloud-init v. 19.1-1-gbaa47854-0ubuntu1~18.04.1 finished at Sun, 09 Feb 2020 04:23:05 +0000. Datasource DataSourceNoCloud [seed=/dev/sdb][dsmode=net].  Up 27.15 seconds
[0;32m  OK  [0m] Started Message of the Day.
[[0;32m  OK  [0m] Started Execute cloud user/final scripts.
[[0;32m  OK  [0m] Reached target Cloud-init target.
         Starting Daily apt download activities...
[[0;32m  OK  [0m] Created slice User Slice of vagrant.
         Starting User Manager for UID 1000...
[[0;32m  OK  [0m] Started Session 1 of user vagrant.
[[0;32m  OK  [0m] Started User Manager for UID 1000.

Ubuntu 18.04.2 LTS ubuntu-bionic ttyS0

ubuntu-bionic login: 